






Started logging.

>>>
Content-Length: 3151

{"jsonrpc":"2.0","id":"1","method":"initialize","params":{"processId":15020,"clientInfo":{"name":"vscode","version":"1.53.2"},"rootPath":"C:\\Users\\cengi\\AppData\\Local\\Temp\\arduino-language-server2213225702\\sketch","rootUri":"file:///c%3A/Users/cengi/AppData/Local/Temp/arduino-language-server2213225702/sketch","initializationOptions":{},"capabilities":{"workspace":{"applyEdit":true,"workspaceEdit":{"documentChanges":true,"resourceOperations":["create","rename","delete"],"failureHandling":"textOnlyTransactional"},"didChangeConfiguration":{"dynamicRegistration":true},"didChangeWatchedFiles":{"dynamicRegistration":true},"symbol":{"dynamicRegistration":true,"symbolKind":{"valueSet":[1,2,3,4,5,6,7,8,9,10,11,12,13,14,15,16,17,18,19,20,21,22,23,24,25,26]}},"executeCommand":{"dynamicRegistration":true},"workspaceFolders":true,"configuration":true},"textDocument":{"synchronization":{"dynamicRegistration":true,"willSave":true,"willSaveWaitUntil":true,"didSave":true},"completion":{"dynamicRegistration":true,"completionItem":{"snippetSupport":true,"commitCharactersSupport":true,"documentationFormat":["markdown","plaintext"],"deprecatedSupport":true,"preselectSupport":true,"tagSupport":{"valueSet":[1]}},"completionItemKind":{"valueSet":[1,2,3,4,5,6,7,8,9,10,11,12,13,14,15,16,17,18,19,20,21,22,23,24,25]},"contextSupport":true},"hover":{"dynamicRegistration":true,"contentFormat":["markdown","plaintext"]},"signatureHelp":{"dynamicRegistration":true,"signatureInformation":{"documentationFormat":["markdown","plaintext"],"parameterInformation":{"labelOffsetSupport":true}},"contextSupport":true},"declaration":{"dynamicRegistration":true,"linkSupport":true},"definition":{"dynamicRegistration":true,"linkSupport":true},"typeDefinition":{"dynamicRegistration":true,"linkSupport":true},"implementation":{"dynamicRegistration":true,"linkSupport":true},"references":{"dynamicRegistration":true},"documentHighlight":{"dynamicRegistration":true},"documentSymbol":{"dynamicRegistration":true,"symbolKind":{"valueSet":[1,2,3,4,5,6,7,8,9,10,11,12,13,14,15,16,17,18,19,20,21,22,23,24,25,26]},"hierarchicalDocumentSymbolSupport":true},"codeAction":{"dynamicRegistration":true,"codeActionLiteralSupport":{"codeActionKind":{"valueSet":["","quickfix","refactor","refactor.extract","refactor.inline","refactor.rewrite","source","source.organizeImports"]}},"isPreferredSupport":true},"codeLens":{"dynamicRegistration":true},"documentLink":{"dynamicRegistration":true,"tooltipSupport":true},"colorProvider":{"dynamicRegistration":true},"formatting":{"dynamicRegistration":true},"rangeFormatting":{"dynamicRegistration":true},"onTypeFormatting":{"dynamicRegistration":true},"rename":{"dynamicRegistration":true,"prepareSupport":true},"publishDiagnostics":{"relatedInformation":true,"tagSupport":{"valueSet":[1,2]}},"foldingRange":{"dynamicRegistration":true,"rangeLimit":5000,"lineFoldingOnly":true},"selectionRange":{"dynamicRegistration":true}},"window":{"workDoneProgress":true}},"trace":"off","workspaceFolders":[{"uri":"file:///c%3A/Users/cengi/AppData/Local/Temp/.arduinoIDE-unsaved2023427-11700-lkcmmb.ne96d/sketch_may27a","name":"sketch_may27a"}]}}
<<<
Content-Length: 1905

{"id":"1","jsonrpc":"2.0","result":{"capabilities":{"astProvider":true,"callHierarchyProvider":true,"clangdInlayHintsProvider":true,"codeActionProvider":{"codeActionKinds":["quickfix","refactor","info"]},"compilationDatabase":{"automaticReload":true},"completionProvider":{"allCommitCharacters":[" ","\t","(",")","[","]","{","}","<",">",":",";",",","+","-","/","*","%","^","&","#","?",".","=","\"","'","|"],"resolveProvider":false,"triggerCharacters":[".","<",">",":","\"","/","*"]},"declarationProvider":true,"definitionProvider":true,"documentFormattingProvider":true,"documentHighlightProvider":true,"documentLinkProvider":{"resolveProvider":false},"documentOnTypeFormattingProvider":{"firstTriggerCharacter":"\n","moreTriggerCharacter":[]},"documentRangeFormattingProvider":true,"documentSymbolProvider":true,"executeCommandProvider":{"commands":["clangd.applyFix","clangd.applyTweak"]},"hoverProvider":true,"implementationProvider":true,"memoryUsageProvider":true,"referencesProvider":true,"renameProvider":{"prepareProvider":true},"selectionRangeProvider":true,"semanticTokensProvider":{"full":{"delta":true},"legend":{"tokenModifiers":["declaration","deprecated","deduced","readonly","static","abstract","virtual","dependentName","defaultLibrary","usedAsMutableReference","functionScope","classScope","fileScope","globalScope"],"tokenTypes":["variable","variable","parameter","function","method","function","property","variable","class","interface","enum","enumMember","type","type","unknown","namespace","typeParameter","concept","type","macro","comment"]},"range":false},"signatureHelpProvider":{"triggerCharacters":["(",")","{","}","<",">",","]},"textDocumentSync":{"change":2,"openClose":true,"save":true},"typeDefinitionProvider":true,"typeHierarchyProvider":true,"workspaceSymbolProvider":true},"serverInfo":{"name":"clangd","version":"clangd version 14.0.0 windows x86_64-pc-windows-msvc"}}}
>>>
Content-Length: 52

{"jsonrpc":"2.0","method":"initialized","params":{}}Content-Length: 2458

{"jsonrpc":"2.0","method":"textDocument/didOpen","params":{"textDocument":{"uri":"file:///c%3A/Users/cengi/AppData/Local/Temp/arduino-language-server2213225702/sketch/sketch_may27a.ino.cpp","languageId":"cpp","version":1,"text":"#include \u003cArduino.h\u003e\n#line 1 \"C:\\\\Users\\\\cengi\\\\AppData\\\\Local\\\\Temp\\\\.arduinoIDE-unsaved2023427-11700-lkcmmb.ne96d\\\\sketch_may27a\\\\sketch_may27a.ino\"\napp/bin/\napp/pde.jar\nbuild/macosx/work/\narduino-core/bin/\narduino-core/arduino-core.jar\nhardware/arduino/bootloaders/caterina_LUFA/Descriptors.o\nhardware/arduino/bootloaders/caterina_LUFA/Descriptors.lst\nhardware/arduino/bootloaders/caterina_LUFA/Caterina.sym\nhardware/arduino/bootloaders/caterina_LUFA/Caterina.o\nhardware/arduino/bootloaders/caterina_LUFA/Caterina.map\nhardware/arduino/bootloaders/caterina_LUFA/Caterina.lst\nhardware/arduino/bootloaders/caterina_LUFA/Caterina.lss\nhardware/arduino/bootloaders/caterina_LUFA/Caterina.elf\nhardware/arduino/bootloaders/caterina_LUFA/Caterina.eep\nhardware/arduino/bootloaders/caterina_LUFA/.dep/\nbuild/*.zip\nbuild/*.tar.bz2\nbuild/windows/work/\nbuild/windows/*.zip\nbuild/windows/*.tgz\nbuild/windows/*.tar.bz2\nbuild/windows/libastylej*\nbuild/windows/liblistSerials*\nbuild/windows/arduino-*.zip\nbuild/windows/dist/*.tar.gz\nbuild/windows/dist/*.tar.bz2\nbuild/windows/launch4j-*.tgz\nbuild/windows/launch4j-*.zip\nbuild/windows/launcher/launch4j\nbuild/windows/WinAVR-*.zip\nbuild/macosx/arduino-*.zip\nbuild/macosx/dist/*.tar.gz\nbuild/macosx/dist/*.tar.bz2\nbuild/macosx/*.tar.bz2\nbuild/macosx/libastylej*\nbuild/macosx/appbundler*.jar\nbuild/macosx/appbundler*.zip\nbuild/macosx/appbundler\nbuild/macosx/appbundler-1.0ea-arduino?\nbuild/macosx/appbundler-1.0ea-arduino*.zip\nbuild/macosx/appbundler-1.0ea-upstream*.zip\nbuild/linux/work/\nbuild/linux/dist/*.tar.gz\nbuild/linux/dist/*.tar.bz2\nbuild/linux/*.tgz\nbuild/linux/*.tar.xz\nbuild/linux/*.tar.bz2\nbuild/linux/*.zip\nbuild/linux/libastylej*\nbuild/linux/liblistSerials*\nbuild/shared/arduino-examples*\nbuild/shared/reference*.zip\nbuild/shared/Edison*.zip\nbuild/shared/Galileo*.zip\nbuild/shared/WiFi101-Updater-ArduinoIDE-Plugin*.zip\ntest-bin\n*.iml\n.idea\n.DS_Store\n.directory\nhardware/arduino/avr/libraries/Bridge/examples/XivelyClient/passwords.h\navr-toolchain-*.zip\n/app/nbproject/private/\n/arduino-core/nbproject/private/\n/app/build/\n/arduino-core/build/\n\nmanifest.mf\nnbbuild.xml\nnbproject\n"}}}
<<<
Content-Length: 180

{"jsonrpc":"2.0","method":"textDocument/publishDiagnostics","params":{"diagnostics":[],"uri":"file:///c:/Users/cengi/AppData/Local/Temp/arduino-language-server2213225702/.clangd"}}
>>>
Content-Length: 309

{"jsonrpc":"2.0","id":"2","method":"textDocument/codeAction","params":{"textDocument":{"uri":"file:///c%3A/Users/cengi/AppData/Local/Temp/arduino-language-server2213225702/sketch/sketch_may27a.ino.cpp"},"range":{"start":{"line":71,"character":9},"end":{"line":71,"character":9}},"context":{"diagnostics":[]}}}
<<<
Content-Length: 180

{"jsonrpc":"2.0","method":"textDocument/publishDiagnostics","params":{"diagnostics":[],"uri":"file:///C:/Users/cengi/AppData/Local/Temp/arduino-language-server2213225702/.clangd"}}Content-Length: 111

{"id":0,"jsonrpc":"2.0","method":"window/workDoneProgress/create","params":{"token":"backgroundIndexProgress"}}
>>>
Content-Length: 38

{"jsonrpc":"2.0","id":0,"result":null}
<<<
Content-Length: 143

{"jsonrpc":"2.0","method":"$/progress","params":{"token":"backgroundIndexProgress","value":{"kind":"begin","percentage":0,"title":"indexing"}}}Content-Length: 141

{"jsonrpc":"2.0","method":"$/progress","params":{"token":"backgroundIndexProgress","value":{"kind":"report","message":"0/1","percentage":0}}}Content-Length: 142

{"jsonrpc":"2.0","method":"$/progress","params":{"token":"backgroundIndexProgress","value":{"kind":"report","message":"0/27","percentage":0}}}Content-Length: 142

{"jsonrpc":"2.0","method":"$/progress","params":{"token":"backgroundIndexProgress","value":{"kind":"report","message":"0/27","percentage":0}}}Content-Length: 142

{"jsonrpc":"2.0","method":"$/progress","params":{"token":"backgroundIndexProgress","value":{"kind":"report","message":"0/27","percentage":0}}}Content-Length: 142

{"jsonrpc":"2.0","method":"$/progress","params":{"token":"backgroundIndexProgress","value":{"kind":"report","message":"0/27","percentage":0}}}Content-Length: 142

{"jsonrpc":"2.0","method":"$/progress","params":{"token":"backgroundIndexProgress","value":{"kind":"report","message":"0/27","percentage":0}}}Content-Length: 142

{"jsonrpc":"2.0","method":"$/progress","params":{"token":"backgroundIndexProgress","value":{"kind":"report","message":"1/27","percentage":3}}}Content-Length: 142

{"jsonrpc":"2.0","method":"$/progress","params":{"token":"backgroundIndexProgress","value":{"kind":"report","message":"1/27","percentage":3}}}Content-Length: 142

{"jsonrpc":"2.0","method":"$/progress","params":{"token":"backgroundIndexProgress","value":{"kind":"report","message":"1/27","percentage":3}}}Content-Length: 142

{"jsonrpc":"2.0","method":"$/progress","params":{"token":"backgroundIndexProgress","value":{"kind":"report","message":"1/27","percentage":3}}}Content-Length: 142

{"jsonrpc":"2.0","method":"$/progress","params":{"token":"backgroundIndexProgress","value":{"kind":"report","message":"1/27","percentage":3}}}Content-Length: 142

{"jsonrpc":"2.0","method":"$/progress","params":{"token":"backgroundIndexProgress","value":{"kind":"report","message":"2/27","percentage":7}}}Content-Length: 142

{"jsonrpc":"2.0","method":"$/progress","params":{"token":"backgroundIndexProgress","value":{"kind":"report","message":"2/27","percentage":7}}}Content-Length: 143

{"jsonrpc":"2.0","method":"$/progress","params":{"token":"backgroundIndexProgress","value":{"kind":"report","message":"3/27","percentage":11}}}Content-Length: 143

{"jsonrpc":"2.0","method":"$/progress","params":{"token":"backgroundIndexProgress","value":{"kind":"report","message":"3/27","percentage":11}}}Content-Length: 143

{"jsonrpc":"2.0","method":"$/progress","params":{"token":"backgroundIndexProgress","value":{"kind":"report","message":"4/27","percentage":14}}}Content-Length: 143

{"jsonrpc":"2.0","method":"$/progress","params":{"token":"backgroundIndexProgress","value":{"kind":"report","message":"4/27","percentage":14}}}Content-Length: 807

{"jsonrpc":"2.0","method":"textDocument/publishDiagnostics","params":{"diagnostics":[{"code":"unknown_typename","message":"Unknown type name 'app'","range":{"end":{"character":3,"line":2},"start":{"character":0,"line":2}},"relatedInformation":[],"severity":1,"source":"clang"},{"code":"expected_unqualified_id","message":"Expected unqualified-id","range":{"end":{"character":4,"line":2},"start":{"character":3,"line":2}},"relatedInformation":[],"severity":1,"source":"clang"},{"code":"unterminated_block_comment","message":"Unterminated /* comment","range":{"end":{"character":0,"line":72},"start":{"character":0,"line":72}},"relatedInformation":[],"severity":1,"source":"clang"}],"uri":"file:///c:/Users/cengi/AppData/Local/Temp/arduino-language-server2213225702/sketch/sketch_may27a.ino.cpp","version":1}}Content-Length: 38

{"id":"2","jsonrpc":"2.0","result":[]}
>>>
Content-Length: 208

{"jsonrpc":"2.0","id":"3","method":"textDocument/documentSymbol","params":{"textDocument":{"uri":"file:///c%3A/Users/cengi/AppData/Local/Temp/arduino-language-server2213225702/sketch/sketch_may27a.ino.cpp"}}}
<<<
Content-Length: 38

{"id":"3","jsonrpc":"2.0","result":[]}
>>>
Content-Length: 60

{"jsonrpc":"2.0","id":"4","method":"shutdown","params":null}
<<<
Content-Length: 40

{"id":"4","jsonrpc":"2.0","result":null}
>>>
Content-Length: 47








Started logging.

>>>
Content-Length: 3151

{"jsonrpc":"2.0","id":"1","method":"initialize","params":{"processId":15020,"clientInfo":{"name":"vscode","version":"1.53.2"},"rootPath":"C:\\Users\\cengi\\AppData\\Local\\Temp\\arduino-language-server3920032528\\sketch","rootUri":"file:///c%3A/Users/cengi/AppData/Local/Temp/arduino-language-server3920032528/sketch","initializationOptions":{},"capabilities":{"workspace":{"applyEdit":true,"workspaceEdit":{"documentChanges":true,"resourceOperations":["create","rename","delete"],"failureHandling":"textOnlyTransactional"},"didChangeConfiguration":{"dynamicRegistration":true},"didChangeWatchedFiles":{"dynamicRegistration":true},"symbol":{"dynamicRegistration":true,"symbolKind":{"valueSet":[1,2,3,4,5,6,7,8,9,10,11,12,13,14,15,16,17,18,19,20,21,22,23,24,25,26]}},"executeCommand":{"dynamicRegistration":true},"workspaceFolders":true,"configuration":true},"textDocument":{"synchronization":{"dynamicRegistration":true,"willSave":true,"willSaveWaitUntil":true,"didSave":true},"completion":{"dynamicRegistration":true,"completionItem":{"snippetSupport":true,"commitCharactersSupport":true,"documentationFormat":["markdown","plaintext"],"deprecatedSupport":true,"preselectSupport":true,"tagSupport":{"valueSet":[1]}},"completionItemKind":{"valueSet":[1,2,3,4,5,6,7,8,9,10,11,12,13,14,15,16,17,18,19,20,21,22,23,24,25]},"contextSupport":true},"hover":{"dynamicRegistration":true,"contentFormat":["markdown","plaintext"]},"signatureHelp":{"dynamicRegistration":true,"signatureInformation":{"documentationFormat":["markdown","plaintext"],"parameterInformation":{"labelOffsetSupport":true}},"contextSupport":true},"declaration":{"dynamicRegistration":true,"linkSupport":true},"definition":{"dynamicRegistration":true,"linkSupport":true},"typeDefinition":{"dynamicRegistration":true,"linkSupport":true},"implementation":{"dynamicRegistration":true,"linkSupport":true},"references":{"dynamicRegistration":true},"documentHighlight":{"dynamicRegistration":true},"documentSymbol":{"dynamicRegistration":true,"symbolKind":{"valueSet":[1,2,3,4,5,6,7,8,9,10,11,12,13,14,15,16,17,18,19,20,21,22,23,24,25,26]},"hierarchicalDocumentSymbolSupport":true},"codeAction":{"dynamicRegistration":true,"codeActionLiteralSupport":{"codeActionKind":{"valueSet":["","quickfix","refactor","refactor.extract","refactor.inline","refactor.rewrite","source","source.organizeImports"]}},"isPreferredSupport":true},"codeLens":{"dynamicRegistration":true},"documentLink":{"dynamicRegistration":true,"tooltipSupport":true},"colorProvider":{"dynamicRegistration":true},"formatting":{"dynamicRegistration":true},"rangeFormatting":{"dynamicRegistration":true},"onTypeFormatting":{"dynamicRegistration":true},"rename":{"dynamicRegistration":true,"prepareSupport":true},"publishDiagnostics":{"relatedInformation":true,"tagSupport":{"valueSet":[1,2]}},"foldingRange":{"dynamicRegistration":true,"rangeLimit":5000,"lineFoldingOnly":true},"selectionRange":{"dynamicRegistration":true}},"window":{"workDoneProgress":true}},"trace":"off","workspaceFolders":[{"uri":"file:///c%3A/Users/cengi/AppData/Local/Temp/.arduinoIDE-unsaved2023427-11700-lkcmmb.ne96d/sketch_may27a","name":"sketch_may27a"}]}}
<<<
Content-Length: 1905

{"id":"1","jsonrpc":"2.0","result":{"capabilities":{"astProvider":true,"callHierarchyProvider":true,"clangdInlayHintsProvider":true,"codeActionProvider":{"codeActionKinds":["quickfix","refactor","info"]},"compilationDatabase":{"automaticReload":true},"completionProvider":{"allCommitCharacters":[" ","\t","(",")","[","]","{","}","<",">",":",";",",","+","-","/","*","%","^","&","#","?",".","=","\"","'","|"],"resolveProvider":false,"triggerCharacters":[".","<",">",":","\"","/","*"]},"declarationProvider":true,"definitionProvider":true,"documentFormattingProvider":true,"documentHighlightProvider":true,"documentLinkProvider":{"resolveProvider":false},"documentOnTypeFormattingProvider":{"firstTriggerCharacter":"\n","moreTriggerCharacter":[]},"documentRangeFormattingProvider":true,"documentSymbolProvider":true,"executeCommandProvider":{"commands":["clangd.applyFix","clangd.applyTweak"]},"hoverProvider":true,"implementationProvider":true,"memoryUsageProvider":true,"referencesProvider":true,"renameProvider":{"prepareProvider":true},"selectionRangeProvider":true,"semanticTokensProvider":{"full":{"delta":true},"legend":{"tokenModifiers":["declaration","deprecated","deduced","readonly","static","abstract","virtual","dependentName","defaultLibrary","usedAsMutableReference","functionScope","classScope","fileScope","globalScope"],"tokenTypes":["variable","variable","parameter","function","method","function","property","variable","class","interface","enum","enumMember","type","type","unknown","namespace","typeParameter","concept","type","macro","comment"]},"range":false},"signatureHelpProvider":{"triggerCharacters":["(",")","{","}","<",">",","]},"textDocumentSync":{"change":2,"openClose":true,"save":true},"typeDefinitionProvider":true,"typeHierarchyProvider":true,"workspaceSymbolProvider":true},"serverInfo":{"name":"clangd","version":"clangd version 14.0.0 windows x86_64-pc-windows-msvc"}}}
>>>
Content-Length: 52

{"jsonrpc":"2.0","method":"initialized","params":{}}Content-Length: 2458

{"jsonrpc":"2.0","method":"textDocument/didOpen","params":{"textDocument":{"uri":"file:///c%3A/Users/cengi/AppData/Local/Temp/arduino-language-server3920032528/sketch/sketch_may27a.ino.cpp","languageId":"cpp","version":1,"text":"#include \u003cArduino.h\u003e\n#line 1 \"C:\\\\Users\\\\cengi\\\\AppData\\\\Local\\\\Temp\\\\.arduinoIDE-unsaved2023427-11700-lkcmmb.ne96d\\\\sketch_may27a\\\\sketch_may27a.ino\"\napp/bin/\napp/pde.jar\nbuild/macosx/work/\narduino-core/bin/\narduino-core/arduino-core.jar\nhardware/arduino/bootloaders/caterina_LUFA/Descriptors.o\nhardware/arduino/bootloaders/caterina_LUFA/Descriptors.lst\nhardware/arduino/bootloaders/caterina_LUFA/Caterina.sym\nhardware/arduino/bootloaders/caterina_LUFA/Caterina.o\nhardware/arduino/bootloaders/caterina_LUFA/Caterina.map\nhardware/arduino/bootloaders/caterina_LUFA/Caterina.lst\nhardware/arduino/bootloaders/caterina_LUFA/Caterina.lss\nhardware/arduino/bootloaders/caterina_LUFA/Caterina.elf\nhardware/arduino/bootloaders/caterina_LUFA/Caterina.eep\nhardware/arduino/bootloaders/caterina_LUFA/.dep/\nbuild/*.zip\nbuild/*.tar.bz2\nbuild/windows/work/\nbuild/windows/*.zip\nbuild/windows/*.tgz\nbuild/windows/*.tar.bz2\nbuild/windows/libastylej*\nbuild/windows/liblistSerials*\nbuild/windows/arduino-*.zip\nbuild/windows/dist/*.tar.gz\nbuild/windows/dist/*.tar.bz2\nbuild/windows/launch4j-*.tgz\nbuild/windows/launch4j-*.zip\nbuild/windows/launcher/launch4j\nbuild/windows/WinAVR-*.zip\nbuild/macosx/arduino-*.zip\nbuild/macosx/dist/*.tar.gz\nbuild/macosx/dist/*.tar.bz2\nbuild/macosx/*.tar.bz2\nbuild/macosx/libastylej*\nbuild/macosx/appbundler*.jar\nbuild/macosx/appbundler*.zip\nbuild/macosx/appbundler\nbuild/macosx/appbundler-1.0ea-arduino?\nbuild/macosx/appbundler-1.0ea-arduino*.zip\nbuild/macosx/appbundler-1.0ea-upstream*.zip\nbuild/linux/work/\nbuild/linux/dist/*.tar.gz\nbuild/linux/dist/*.tar.bz2\nbuild/linux/*.tgz\nbuild/linux/*.tar.xz\nbuild/linux/*.tar.bz2\nbuild/linux/*.zip\nbuild/linux/libastylej*\nbuild/linux/liblistSerials*\nbuild/shared/arduino-examples*\nbuild/shared/reference*.zip\nbuild/shared/Edison*.zip\nbuild/shared/Galileo*.zip\nbuild/shared/WiFi101-Updater-ArduinoIDE-Plugin*.zip\ntest-bin\n*.iml\n.idea\n.DS_Store\n.directory\nhardware/arduino/avr/libraries/Bridge/examples/XivelyClient/passwords.h\navr-toolchain-*.zip\n/app/nbproject/private/\n/arduino-core/nbproject/private/\n/app/build/\n/arduino-core/build/\n\nmanifest.mf\nnbbuild.xml\nnbproject\n"}}}Content-Length: 308

{"jsonrpc":"2.0","id":"2","method":"textDocument/codeAction","params":{"textDocument":{"uri":"file:///c%3A/Users/cengi/AppData/Local/Temp/arduino-language-server3920032528/sketch/sketch_may27a.ino.cpp"},"range":{"start":{"line":2,"character":0},"end":{"line":11,"character":0}},"context":{"diagnostics":[]}}}
<<<
Content-Length: 180

{"jsonrpc":"2.0","method":"textDocument/publishDiagnostics","params":{"diagnostics":[],"uri":"file:///c:/Users/cengi/AppData/Local/Temp/arduino-language-server3920032528/.clangd"}}Content-Length: 180

{"jsonrpc":"2.0","method":"textDocument/publishDiagnostics","params":{"diagnostics":[],"uri":"file:///C:/Users/cengi/AppData/Local/Temp/arduino-language-server3920032528/.clangd"}}Content-Length: 111

{"id":0,"jsonrpc":"2.0","method":"window/workDoneProgress/create","params":{"token":"backgroundIndexProgress"}}
>>>
Content-Length: 38

{"jsonrpc":"2.0","id":0,"result":null}
<<<
Content-Length: 143

{"jsonrpc":"2.0","method":"$/progress","params":{"token":"backgroundIndexProgress","value":{"kind":"begin","percentage":0,"title":"indexing"}}}Content-Length: 141

{"jsonrpc":"2.0","method":"$/progress","params":{"token":"backgroundIndexProgress","value":{"kind":"report","message":"0/1","percentage":0}}}Content-Length: 142

{"jsonrpc":"2.0","method":"$/progress","params":{"token":"backgroundIndexProgress","value":{"kind":"report","message":"0/27","percentage":0}}}Content-Length: 142

{"jsonrpc":"2.0","method":"$/progress","params":{"token":"backgroundIndexProgress","value":{"kind":"report","message":"0/27","percentage":0}}}Content-Length: 142

{"jsonrpc":"2.0","method":"$/progress","params":{"token":"backgroundIndexProgress","value":{"kind":"report","message":"0/27","percentage":0}}}Content-Length: 142

{"jsonrpc":"2.0","method":"$/progress","params":{"token":"backgroundIndexProgress","value":{"kind":"report","message":"0/27","percentage":0}}}Content-Length: 142

{"jsonrpc":"2.0","method":"$/progress","params":{"token":"backgroundIndexProgress","value":{"kind":"report","message":"0/27","percentage":0}}}Content-Length: 142

{"jsonrpc":"2.0","method":"$/progress","params":{"token":"backgroundIndexProgress","value":{"kind":"report","message":"0/27","percentage":0}}}Content-Length: 142

{"jsonrpc":"2.0","method":"$/progress","params":{"token":"backgroundIndexProgress","value":{"kind":"report","message":"1/27","percentage":3}}}Content-Length: 142

{"jsonrpc":"2.0","method":"$/progress","params":{"token":"backgroundIndexProgress","value":{"kind":"report","message":"1/27","percentage":3}}}Content-Length: 142

{"jsonrpc":"2.0","method":"$/progress","params":{"token":"backgroundIndexProgress","value":{"kind":"report","message":"1/27","percentage":3}}}Content-Length: 142

{"jsonrpc":"2.0","method":"$/progress","params":{"token":"backgroundIndexProgress","value":{"kind":"report","message":"1/27","percentage":3}}}Content-Length: 142

{"jsonrpc":"2.0","method":"$/progress","params":{"token":"backgroundIndexProgress","value":{"kind":"report","message":"2/27","percentage":7}}}Content-Length: 142

{"jsonrpc":"2.0","method":"$/progress","params":{"token":"backgroundIndexProgress","value":{"kind":"report","message":"2/27","percentage":7}}}Content-Length: 143

{"jsonrpc":"2.0","method":"$/progress","params":{"token":"backgroundIndexProgress","value":{"kind":"report","message":"3/27","percentage":11}}}Content-Length: 143

{"jsonrpc":"2.0","method":"$/progress","params":{"token":"backgroundIndexProgress","value":{"kind":"report","message":"3/27","percentage":11}}}Content-Length: 807

{"jsonrpc":"2.0","method":"textDocument/publishDiagnostics","params":{"diagnostics":[{"code":"unknown_typename","message":"Unknown type name 'app'","range":{"end":{"character":3,"line":2},"start":{"character":0,"line":2}},"relatedInformation":[],"severity":1,"source":"clang"},{"code":"expected_unqualified_id","message":"Expected unqualified-id","range":{"end":{"character":4,"line":2},"start":{"character":3,"line":2}},"relatedInformation":[],"severity":1,"source":"clang"},{"code":"unterminated_block_comment","message":"Unterminated /* comment","range":{"end":{"character":0,"line":72},"start":{"character":0,"line":72}},"relatedInformation":[],"severity":1,"source":"clang"}],"uri":"file:///c:/Users/cengi/AppData/Local/Temp/arduino-language-server3920032528/sketch/sketch_may27a.ino.cpp","version":1}}Content-Length: 38

{"id":"2","jsonrpc":"2.0","result":[]}
>>>
Content-Length: 208

{"jsonrpc":"2.0","id":"3","method":"textDocument/documentSymbol","params":{"textDocument":{"uri":"file:///c%3A/Users/cengi/AppData/Local/Temp/arduino-language-server3920032528/sketch/sketch_may27a.ino.cpp"}}}
<<<
Content-Length: 38

{"id":"3","jsonrpc":"2.0","result":[]}
>>>
Content-Length: 208

{"jsonrpc":"2.0","id":"4","method":"textDocument/documentSymbol","params":{"textDocument":{"uri":"file:///c%3A/Users/cengi/AppData/Local/Temp/arduino-language-server3920032528/sketch/sketch_may27a.ino.cpp"}}}
<<<
Content-Length: 38

{"id":"4","jsonrpc":"2.0","result":[]}
>>>
Content-Length: 208

{"jsonrpc":"2.0","id":"5","method":"textDocument/documentSymbol","params":{"textDocument":{"uri":"file:///c%3A/Users/cengi/AppData/Local/Temp/arduino-language-server3920032528/sketch/sketch_may27a.ino.cpp"}}}
<<<
Content-Length: 38

{"id":"5","jsonrpc":"2.0","result":[]}
>>>
Content-Length: 208

{"jsonrpc":"2.0","id":"6","method":"textDocument/documentSymbol","params":{"textDocument":{"uri":"file:///c%3A/Users/cengi/AppData/Local/Temp/arduino-language-server3920032528/sketch/sketch_may27a.ino.cpp"}}}
<<<
Content-Length: 38

{"id":"6","jsonrpc":"2.0","result":[]}
>>>
Content-Length: 1164

{"jsonrpc":"2.0","method":"textDocument/didChange","params":{"textDocument":{"uri":"file:///c%3A/Users/cengi/AppData/Local/Temp/arduino-language-server3920032528/sketch/sketch_may27a.ino.cpp","version":2},"contentChanges":[{"range":{"start":{"line":2,"character":0},"end":{"line":11,"character":0}},"text":"const int buttonPin = 2;\nconst int startLED = 3;\nconst int testLED = 4;\n\nvoid setup() {\n  // put your setup code here, to run once:\n  pinMode(startLED, OUTPUT);\n  pinMode(testLED, OUTPUT);\n  digitalWrite(startLED, HIGH);\n  digitalWrite(testLED, HIGH);\n  pinMode(buttonPin, INPUT_PULLUP);\n  Serial.begin(9600);\n}\n\nvoid loop() {\n  // put your main code here, to run repeatedly:\n  int buttonState = digitalRead(buttonPin);\n\n  if (buttonState == LOW) {\n    startTest();\n  }\n}\n\nvoid startTest() {\n  Serial.println(\"Test Started!\");\n  blinkLEDWithDuration(250, startLED);\n  delay(250);\n  for (int i = 0; i \u003c= 20; i++) {\n    blinkLEDWithDuration(50, testLED);\n  }\n}\n\nvoid blinkLEDWithDuration(int delayTime, int pin) {\n  digitalWrite(pin, LOW);\n  delay(delayTime);\n  digitalWrite(pin, HIGH);\n  delay(delayTime);\n}\n"}]}}Content-Length: 208

{"jsonrpc":"2.0","id":"7","method":"textDocument/documentSymbol","params":{"textDocument":{"uri":"file:///c%3A/Users/cengi/AppData/Local/Temp/arduino-language-server3920032528/sketch/sketch_may27a.ino.cpp"}}}
<<<
Content-Length: 1524

{"id":"7","jsonrpc":"2.0","result":[{"detail":"const int","kind":13,"name":"buttonPin","range":{"end":{"character":23,"line":2},"start":{"character":0,"line":2}},"selectionRange":{"end":{"character":19,"line":2},"start":{"character":10,"line":2}}},{"detail":"const int","kind":13,"name":"startLED","range":{"end":{"character":22,"line":3},"start":{"character":0,"line":3}},"selectionRange":{"end":{"character":18,"line":3},"start":{"character":10,"line":3}}},{"detail":"const int","kind":13,"name":"testLED","range":{"end":{"character":21,"line":4},"start":{"character":0,"line":4}},"selectionRange":{"end":{"character":17,"line":4},"start":{"character":10,"line":4}}},{"detail":"void ()","kind":12,"name":"setup","range":{"end":{"character":1,"line":14},"start":{"character":0,"line":6}},"selectionRange":{"end":{"character":10,"line":6},"start":{"character":5,"line":6}}},{"detail":"void ()","kind":12,"name":"loop","range":{"end":{"character":1,"line":23},"start":{"character":0,"line":16}},"selectionRange":{"end":{"character":9,"line":16},"start":{"character":5,"line":16}}},{"detail":"void ()","kind":12,"name":"startTest","range":{"end":{"character":1,"line":32},"start":{"character":0,"line":25}},"selectionRange":{"end":{"character":14,"line":25},"start":{"character":5,"line":25}}},{"detail":"void (int, int)","kind":12,"name":"blinkLEDWithDuration","range":{"end":{"character":1,"line":39},"start":{"character":0,"line":34}},"selectionRange":{"end":{"character":25,"line":34},"start":{"character":5,"line":34}}}]}Content-Length: 1482

{"jsonrpc":"2.0","method":"textDocument/publishDiagnostics","params":{"diagnostics":[{"code":"undeclared_var_use","message":"Use of undeclared identifier 'startTest'","range":{"end":{"character":13,"line":21},"start":{"character":4,"line":21}},"relatedInformation":[],"severity":1,"source":"clang"},{"code":"undeclared_var_use","message":"Use of undeclared identifier 'blinkLEDWithDuration'","range":{"end":{"character":22,"line":27},"start":{"character":2,"line":27}},"relatedInformation":[],"severity":1,"source":"clang"},{"code":"undeclared_var_use","message":"Use of undeclared identifier 'blinkLEDWithDuration'","range":{"end":{"character":24,"line":30},"start":{"character":4,"line":30}},"relatedInformation":[],"severity":1,"source":"clang"},{"code":"unknown_typename","message":"Unknown type name 'hardware'","range":{"end":{"character":8,"line":40},"start":{"character":0,"line":40}},"relatedInformation":[],"severity":1,"source":"clang"},{"code":"expected_unqualified_id","message":"Expected unqualified-id","range":{"end":{"character":9,"line":40},"start":{"character":8,"line":40}},"relatedInformation":[],"severity":1,"source":"clang"},{"code":"unterminated_block_comment","message":"Unterminated /* comment","range":{"end":{"character":0,"line":101},"start":{"character":0,"line":101}},"relatedInformation":[],"severity":1,"source":"clang"}],"uri":"file:///c:/Users/cengi/AppData/Local/Temp/arduino-language-server3920032528/sketch/sketch_may27a.ino.cpp","version":2}}Content-Length: 143

{"jsonrpc":"2.0","method":"$/progress","params":{"token":"backgroundIndexProgress","value":{"kind":"report","message":"4/27","percentage":14}}}Content-Length: 143

{"jsonrpc":"2.0","method":"$/progress","params":{"token":"backgroundIndexProgress","value":{"kind":"report","message":"4/27","percentage":14}}}Content-Length: 143

{"jsonrpc":"2.0","method":"$/progress","params":{"token":"backgroundIndexProgress","value":{"kind":"report","message":"5/27","percentage":18}}}Content-Length: 143

{"jsonrpc":"2.0","method":"$/progress","params":{"token":"backgroundIndexProgress","value":{"kind":"report","message":"5/27","percentage":18}}}Content-Length: 143

{"jsonrpc":"2.0","method":"$/progress","params":{"token":"backgroundIndexProgress","value":{"kind":"report","message":"6/27","percentage":22}}}Content-Length: 143

{"jsonrpc":"2.0","method":"$/progress","params":{"token":"backgroundIndexProgress","value":{"kind":"report","message":"6/27","percentage":22}}}Content-Length: 143

{"jsonrpc":"2.0","method":"$/progress","params":{"token":"backgroundIndexProgress","value":{"kind":"report","message":"7/27","percentage":25}}}Content-Length: 143

{"jsonrpc":"2.0","method":"$/progress","params":{"token":"backgroundIndexProgress","value":{"kind":"report","message":"7/27","percentage":25}}}Content-Length: 143

{"jsonrpc":"2.0","method":"$/progress","params":{"token":"backgroundIndexProgress","value":{"kind":"report","message":"8/27","percentage":29}}}Content-Length: 143

{"jsonrpc":"2.0","method":"$/progress","params":{"token":"backgroundIndexProgress","value":{"kind":"report","message":"8/27","percentage":29}}}Content-Length: 143

{"jsonrpc":"2.0","method":"$/progress","params":{"token":"backgroundIndexProgress","value":{"kind":"report","message":"9/27","percentage":33}}}Content-Length: 143

{"jsonrpc":"2.0","method":"$/progress","params":{"token":"backgroundIndexProgress","value":{"kind":"report","message":"9/27","percentage":33}}}Content-Length: 144

{"jsonrpc":"2.0","method":"$/progress","params":{"token":"backgroundIndexProgress","value":{"kind":"report","message":"10/27","percentage":37}}}Content-Length: 144

{"jsonrpc":"2.0","method":"$/progress","params":{"token":"backgroundIndexProgress","value":{"kind":"report","message":"10/27","percentage":37}}}Content-Length: 144

{"jsonrpc":"2.0","method":"$/progress","params":{"token":"backgroundIndexProgress","value":{"kind":"report","message":"11/27","percentage":40}}}Content-Length: 144

{"jsonrpc":"2.0","method":"$/progress","params":{"token":"backgroundIndexProgress","value":{"kind":"report","message":"11/27","percentage":40}}}Content-Length: 144

{"jsonrpc":"2.0","method":"$/progress","params":{"token":"backgroundIndexProgress","value":{"kind":"report","message":"12/27","percentage":44}}}Content-Length: 144

{"jsonrpc":"2.0","method":"$/progress","params":{"token":"backgroundIndexProgress","value":{"kind":"report","message":"12/27","percentage":44}}}Content-Length: 144

{"jsonrpc":"2.0","method":"$/progress","params":{"token":"backgroundIndexProgress","value":{"kind":"report","message":"13/27","percentage":48}}}Content-Length: 144

{"jsonrpc":"2.0","method":"$/progress","params":{"token":"backgroundIndexProgress","value":{"kind":"report","message":"13/27","percentage":48}}}Content-Length: 144

{"jsonrpc":"2.0","method":"$/progress","params":{"token":"backgroundIndexProgress","value":{"kind":"report","message":"14/27","percentage":51}}}Content-Length: 144

{"jsonrpc":"2.0","method":"$/progress","params":{"token":"backgroundIndexProgress","value":{"kind":"report","message":"14/27","percentage":51}}}Content-Length: 144

{"jsonrpc":"2.0","method":"$/progress","params":{"token":"backgroundIndexProgress","value":{"kind":"report","message":"15/27","percentage":55}}}Content-Length: 144

{"jsonrpc":"2.0","method":"$/progress","params":{"token":"backgroundIndexProgress","value":{"kind":"report","message":"15/27","percentage":55}}}Content-Length: 144

{"jsonrpc":"2.0","method":"$/progress","params":{"token":"backgroundIndexProgress","value":{"kind":"report","message":"16/27","percentage":59}}}Content-Length: 144

{"jsonrpc":"2.0","method":"$/progress","params":{"token":"backgroundIndexProgress","value":{"kind":"report","message":"16/27","percentage":59}}}Content-Length: 144

{"jsonrpc":"2.0","method":"$/progress","params":{"token":"backgroundIndexProgress","value":{"kind":"report","message":"17/27","percentage":62}}}Content-Length: 144

{"jsonrpc":"2.0","method":"$/progress","params":{"token":"backgroundIndexProgress","value":{"kind":"report","message":"17/27","percentage":62}}}Content-Length: 144

{"jsonrpc":"2.0","method":"$/progress","params":{"token":"backgroundIndexProgress","value":{"kind":"report","message":"18/27","percentage":66}}}Content-Length: 144

{"jsonrpc":"2.0","method":"$/progress","params":{"token":"backgroundIndexProgress","value":{"kind":"report","message":"18/27","percentage":66}}}Content-Length: 144

{"jsonrpc":"2.0","method":"$/progress","params":{"token":"backgroundIndexProgress","value":{"kind":"report","message":"19/27","percentage":70}}}Content-Length: 144

{"jsonrpc":"2.0","method":"$/progress","params":{"token":"backgroundIndexProgress","value":{"kind":"report","message":"19/27","percentage":70}}}Content-Length: 144

{"jsonrpc":"2.0","method":"$/progress","params":{"token":"backgroundIndexProgress","value":{"kind":"report","message":"20/27","percentage":74}}}Content-Length: 144

{"jsonrpc":"2.0","method":"$/progress","params":{"token":"backgroundIndexProgress","value":{"kind":"report","message":"21/27","percentage":77}}}Content-Length: 144

{"jsonrpc":"2.0","method":"$/progress","params":{"token":"backgroundIndexProgress","value":{"kind":"report","message":"22/27","percentage":81}}}Content-Length: 144

{"jsonrpc":"2.0","method":"$/progress","params":{"token":"backgroundIndexProgress","value":{"kind":"report","message":"23/27","percentage":85}}}Content-Length: 144

{"jsonrpc":"2.0","method":"$/progress","params":{"token":"backgroundIndexProgress","value":{"kind":"report","message":"24/27","percentage":88}}}Content-Length: 144

{"jsonrpc":"2.0","method":"$/progress","params":{"token":"backgroundIndexProgress","value":{"kind":"report","message":"25/27","percentage":92}}}Content-Length: 144

{"jsonrpc":"2.0","method":"$/progress","params":{"token":"backgroundIndexProgress","value":{"kind":"report","message":"26/27","percentage":96}}}Content-Length: 107

{"jsonrpc":"2.0","method":"$/progress","params":{"token":"backgroundIndexProgress","value":{"kind":"end"}}}
>>>
Content-Length: 192

{"jsonrpc":"2.0","method":"textDocument/didSave","params":{"textDocument":{"uri":"file:///c%3A/Users/cengi/AppData/Local/Temp/arduino-language-server3920032528/sketch/sketch_may27a.ino.cpp"}}}Content-Length: 2120

{"jsonrpc":"2.0","method":"textDocument/didChange","params":{"textDocument":{"uri":"file:///c%3A/Users/cengi/AppData/Local/Temp/arduino-language-server3920032528/sketch/sketch_may27a.ino.cpp","version":3},"contentChanges":[{"text":"#include \u003cArduino.h\u003e\n#line 1 \"C:\\\\Users\\\\cengi\\\\AppData\\\\Local\\\\Temp\\\\.arduinoIDE-unsaved2023427-11700-lkcmmb.ne96d\\\\sketch_may27a\\\\sketch_may27a.ino\"\nconst int buttonPin = 2;\nconst int startLED = 3;\nconst int testLED = 4;\n\n#line 5 \"C:\\\\Users\\\\cengi\\\\AppData\\\\Local\\\\Temp\\\\.arduinoIDE-unsaved2023427-11700-lkcmmb.ne96d\\\\sketch_may27a\\\\sketch_may27a.ino\"\nvoid setup();\n#line 15 \"C:\\\\Users\\\\cengi\\\\AppData\\\\Local\\\\Temp\\\\.arduinoIDE-unsaved2023427-11700-lkcmmb.ne96d\\\\sketch_may27a\\\\sketch_may27a.ino\"\nvoid loop();\n#line 24 \"C:\\\\Users\\\\cengi\\\\AppData\\\\Local\\\\Temp\\\\.arduinoIDE-unsaved2023427-11700-lkcmmb.ne96d\\\\sketch_may27a\\\\sketch_may27a.ino\"\nvoid startTest();\n#line 33 \"C:\\\\Users\\\\cengi\\\\AppData\\\\Local\\\\Temp\\\\.arduinoIDE-unsaved2023427-11700-lkcmmb.ne96d\\\\sketch_may27a\\\\sketch_may27a.ino\"\nvoid blinkLEDWithDuration(int delayTime, int pin);\n#line 5 \"C:\\\\Users\\\\cengi\\\\AppData\\\\Local\\\\Temp\\\\.arduinoIDE-unsaved2023427-11700-lkcmmb.ne96d\\\\sketch_may27a\\\\sketch_may27a.ino\"\nvoid setup() {\n  // put your setup code here, to run once:\n  pinMode(startLED, OUTPUT);\n  pinMode(testLED, OUTPUT);\n  digitalWrite(startLED, HIGH);\n  digitalWrite(testLED, HIGH);\n  pinMode(buttonPin, INPUT_PULLUP);\n  Serial.begin(9600);\n}\n\nvoid loop() {\n  // put your main code here, to run repeatedly:\n  int buttonState = digitalRead(buttonPin);\n\n  if (buttonState == LOW) {\n    startTest();\n  }\n}\n\nvoid startTest() {\n  Serial.println(\"Test Started!\");\n  blinkLEDWithDuration(250, startLED);\n  delay(250);\n  for (int i = 0; i \u003c= 20; i++) {\n    blinkLEDWithDuration(50, testLED);\n  }\n}\n\nvoid blinkLEDWithDuration(int delayTime, int pin) {\n  digitalWrite(pin, LOW);\n  delay(delayTime);\n  digitalWrite(pin, HIGH);\n  delay(delayTime);\n}\n\n"}]}}
<<<
Content-Length: 213

{"jsonrpc":"2.0","method":"textDocument/publishDiagnostics","params":{"diagnostics":[],"uri":"file:///c:/Users/cengi/AppData/Local/Temp/arduino-language-server3920032528/sketch/sketch_may27a.ino.cpp","version":3}}